This file contains any messages produced by compilers while
running configure, to aid debugging if configure makes a mistake.

It was created by configure, which was
generated by GNU Autoconf 2.69.  Invocation command line was

  $ ./configure 

## --------- ##
## Platform. ##
## --------- ##

hostname = throne
uname -m = x86_64
uname -r = 3.11.0-12-generic
uname -s = Linux
uname -v = #19-Ubuntu SMP Wed Oct 9 16:20:46 UTC 2013

/usr/bin/uname -p = unknown
/bin/uname -X     = unknown

/bin/arch              = unknown
/usr/bin/arch -k       = unknown
/usr/convex/getsysinfo = unknown
/usr/bin/hostinfo      = unknown
/bin/machine           = unknown
/usr/bin/oslevel       = unknown
/bin/universe          = unknown

PATH: /usr/lib/lightdm/lightdm
PATH: /usr/local/sbin
PATH: /usr/local/bin
PATH: /usr/sbin
PATH: /usr/bin
PATH: /sbin
PATH: /bin
PATH: /usr/games
PATH: /usr/local/games


## ----------- ##
## Core tests. ##
## ----------- ##

configure:2327: checking for a BSD-compatible install
configure:2395: result: /usr/bin/install -c
configure:2406: checking whether build environment is sane
configure:2461: result: yes
configure:2612: checking for a thread-safe mkdir -p
configure:2651: result: /bin/mkdir -p
configure:2658: checking for gawk
configure:2688: result: no
configure:2658: checking for mawk
configure:2674: found /usr/bin/mawk
configure:2685: result: mawk
configure:2696: checking whether make sets $(MAKE)
configure:2718: result: yes
configure:2747: checking whether make supports nested variables
configure:2764: result: yes
configure:2916: checking for g++
configure:2932: found /usr/bin/g++
configure:2943: result: g++
configure:2970: checking for C++ compiler version
configure:2979: g++ --version >&5
g++ (Ubuntu/Linaro 4.8.1-10ubuntu9) 4.8.1
Copyright (C) 2013 Free Software Foundation, Inc.
This is free software; see the source for copying conditions.  There is NO
warranty; not even for MERCHANTABILITY or FITNESS FOR A PARTICULAR PURPOSE.

configure:2990: $? = 0
configure:2979: g++ -v >&5
Using built-in specs.
COLLECT_GCC=g++
COLLECT_LTO_WRAPPER=/usr/lib/gcc/x86_64-linux-gnu/4.8/lto-wrapper
Target: x86_64-linux-gnu
Configured with: ../src/configure -v --with-pkgversion='Ubuntu/Linaro 4.8.1-10ubuntu9' --with-bugurl=file:///usr/share/doc/gcc-4.8/README.Bugs --enable-languages=c,c++,java,go,d,fortran,objc,obj-c++ --prefix=/usr --program-suffix=-4.8 --enable-shared --enable-linker-build-id --libexecdir=/usr/lib --without-included-gettext --enable-threads=posix --with-gxx-include-dir=/usr/include/c++/4.8 --libdir=/usr/lib --enable-nls --with-sysroot=/ --enable-clocale=gnu --enable-libstdcxx-debug --enable-libstdcxx-time=yes --enable-gnu-unique-object --enable-plugin --with-system-zlib --disable-browser-plugin --enable-java-awt=gtk --enable-gtk-cairo --with-java-home=/usr/lib/jvm/java-1.5.0-gcj-4.8-amd64/jre --enable-java-home --with-jvm-root-dir=/usr/lib/jvm/java-1.5.0-gcj-4.8-amd64 --with-jvm-jar-dir=/usr/lib/jvm-exports/java-1.5.0-gcj-4.8-amd64 --with-arch-directory=amd64 --with-ecj-jar=/usr/share/java/eclipse-ecj.jar --enable-objc-gc --enable-multiarch --disable-werror --with-arch-32=i686 --with-abi=m64 --with-multilib-list=m32,m64,mx32 --with-tune=generic --enable-checking=release --build=x86_64-linux-gnu --host=x86_64-linux-gnu --target=x86_64-linux-gnu
Thread model: posix
gcc version 4.8.1 (Ubuntu/Linaro 4.8.1-10ubuntu9) 
configure:2990: $? = 0
configure:2979: g++ -V >&5
g++: error: unrecognized command line option '-V'
g++: fatal error: no input files
compilation terminated.
configure:2990: $? = 4
configure:2979: g++ -qversion >&5
g++: error: unrecognized command line option '-qversion'
g++: fatal error: no input files
compilation terminated.
configure:2990: $? = 4
configure:3010: checking whether the C++ compiler works
configure:3032: g++    conftest.cpp  >&5
configure:3036: $? = 0
configure:3084: result: yes
configure:3087: checking for C++ compiler default output file name
configure:3089: result: a.out
configure:3095: checking for suffix of executables
configure:3102: g++ -o conftest    conftest.cpp  >&5
configure:3106: $? = 0
configure:3128: result: 
configure:3150: checking whether we are cross compiling
configure:3158: g++ -o conftest    conftest.cpp  >&5
configure:3162: $? = 0
configure:3169: ./conftest
configure:3173: $? = 0
configure:3188: result: no
configure:3193: checking for suffix of object files
configure:3215: g++ -c   conftest.cpp >&5
configure:3219: $? = 0
configure:3240: result: o
configure:3244: checking whether we are using the GNU C++ compiler
configure:3263: g++ -c   conftest.cpp >&5
configure:3263: $? = 0
configure:3272: result: yes
configure:3281: checking whether g++ accepts -g
configure:3301: g++ -c -g  conftest.cpp >&5
configure:3301: $? = 0
configure:3342: result: yes
configure:3376: checking for style of include used by make
configure:3404: result: GNU
configure:3430: checking dependency style of g++
configure:3541: result: gcc3
configure:3585: checking build system type
configure:3599: result: x86_64-unknown-linux-gnu
configure:3619: checking host system type
configure:3632: result: x86_64-unknown-linux-gnu
configure:3673: checking how to print strings
configure:3700: result: printf
configure:3769: checking for gcc
configure:3785: found /usr/bin/gcc
configure:3796: result: gcc
configure:4025: checking for C compiler version
configure:4034: gcc --version >&5
gcc (Ubuntu/Linaro 4.8.1-10ubuntu9) 4.8.1
Copyright (C) 2013 Free Software Foundation, Inc.
This is free software; see the source for copying conditions.  There is NO
warranty; not even for MERCHANTABILITY or FITNESS FOR A PARTICULAR PURPOSE.

configure:4045: $? = 0
configure:4034: gcc -v >&5
Using built-in specs.
COLLECT_GCC=gcc
COLLECT_LTO_WRAPPER=/usr/lib/gcc/x86_64-linux-gnu/4.8/lto-wrapper
Target: x86_64-linux-gnu
Configured with: ../src/configure -v --with-pkgversion='Ubuntu/Linaro 4.8.1-10ubuntu9' --with-bugurl=file:///usr/share/doc/gcc-4.8/README.Bugs --enable-languages=c,c++,java,go,d,fortran,objc,obj-c++ --prefix=/usr --program-suffix=-4.8 --enable-shared --enable-linker-build-id --libexecdir=/usr/lib --without-included-gettext --enable-threads=posix --with-gxx-include-dir=/usr/include/c++/4.8 --libdir=/usr/lib --enable-nls --with-sysroot=/ --enable-clocale=gnu --enable-libstdcxx-debug --enable-libstdcxx-time=yes --enable-gnu-unique-object --enable-plugin --with-system-zlib --disable-browser-plugin --enable-java-awt=gtk --enable-gtk-cairo --with-java-home=/usr/lib/jvm/java-1.5.0-gcj-4.8-amd64/jre --enable-java-home --with-jvm-root-dir=/usr/lib/jvm/java-1.5.0-gcj-4.8-amd64 --with-jvm-jar-dir=/usr/lib/jvm-exports/java-1.5.0-gcj-4.8-amd64 --with-arch-directory=amd64 --with-ecj-jar=/usr/share/java/eclipse-ecj.jar --enable-objc-gc --enable-multiarch --disable-werror --with-arch-32=i686 --with-abi=m64 --with-multilib-list=m32,m64,mx32 --with-tune=generic --enable-checking=release --build=x86_64-linux-gnu --host=x86_64-linux-gnu --target=x86_64-linux-gnu
Thread model: posix
gcc version 4.8.1 (Ubuntu/Linaro 4.8.1-10ubuntu9) 
configure:4045: $? = 0
configure:4034: gcc -V >&5
gcc: error: unrecognized command line option '-V'
gcc: fatal error: no input files
compilation terminated.
configure:4045: $? = 4
configure:4034: gcc -qversion >&5
gcc: error: unrecognized command line option '-qversion'
gcc: fatal error: no input files
compilation terminated.
configure:4045: $? = 4
configure:4049: checking whether we are using the GNU C compiler
configure:4068: gcc -c   conftest.c >&5
configure:4068: $? = 0
configure:4077: result: yes
configure:4086: checking whether gcc accepts -g
configure:4106: gcc -c -g  conftest.c >&5
configure:4106: $? = 0
configure:4147: result: yes
configure:4164: checking for gcc option to accept ISO C89
configure:4227: gcc  -c -g -O2  conftest.c >&5
configure:4227: $? = 0
configure:4240: result: none needed
configure:4262: checking dependency style of gcc
configure:4373: result: gcc3
configure:4388: checking for a sed that does not truncate output
configure:4452: result: /bin/sed
configure:4470: checking for grep that handles long lines and -e
configure:4528: result: /bin/grep
configure:4533: checking for egrep
configure:4595: result: /bin/grep -E
configure:4600: checking for fgrep
configure:4662: result: /bin/grep -F
configure:4697: checking for ld used by gcc
configure:4764: result: /usr/bin/ld
configure:4771: checking if the linker (/usr/bin/ld) is GNU ld
configure:4786: result: yes
configure:4798: checking for BSD- or MS-compatible name lister (nm)
configure:4847: result: /usr/bin/nm -B
configure:4977: checking the name lister (/usr/bin/nm -B) interface
configure:4984: g++ -c -g -O2  conftest.cpp >&5
configure:4987: /usr/bin/nm -B "conftest.o"
configure:4990: output
0000000000000000 B some_variable
configure:4997: result: BSD nm
configure:5000: checking whether ln -s works
configure:5004: result: yes
configure:5012: checking the maximum length of command line arguments
configure:5143: result: 1572864
configure:5160: checking whether the shell understands some XSI constructs
configure:5170: result: yes
configure:5174: checking whether the shell understands "+="
configure:5180: result: yes
configure:5215: checking how to convert x86_64-unknown-linux-gnu file names to x86_64-unknown-linux-gnu format
configure:5255: result: func_convert_file_noop
configure:5262: checking how to convert x86_64-unknown-linux-gnu file names to toolchain format
configure:5282: result: func_convert_file_noop
configure:5289: checking for /usr/bin/ld option to reload object files
configure:5296: result: -r
configure:5370: checking for objdump
configure:5386: found /usr/bin/objdump
configure:5397: result: objdump
configure:5429: checking how to recognize dependent libraries
configure:5627: result: pass_all
configure:5712: checking for dlltool
configure:5742: result: no
configure:5772: checking how to associate runtime and link libraries
configure:5799: result: printf %s\n
configure:5860: checking for ar
configure:5876: found /usr/bin/ar
configure:5887: result: ar
configure:5924: checking for archiver @FILE support
configure:5941: g++ -c -g -O2  conftest.cpp >&5
configure:5941: $? = 0
configure:5944: ar cru libconftest.a @conftest.lst >&5
configure:5947: $? = 0
configure:5952: ar cru libconftest.a @conftest.lst >&5
ar: conftest.o: No such file or directory
configure:5955: $? = 1
configure:5967: result: @
configure:6025: checking for strip
configure:6041: found /usr/bin/strip
configure:6052: result: strip
configure:6124: checking for ranlib
configure:6140: found /usr/bin/ranlib
configure:6151: result: ranlib
configure:6253: checking command to parse /usr/bin/nm -B output from gcc object
configure:6373: g++ -c -g -O2  conftest.cpp >&5
configure:6376: $? = 0
configure:6380: /usr/bin/nm -B conftest.o \| sed -n -e 's/^.*[ ]\([ABCDGIRSTW][ABCDGIRSTW]*\)[ ][ ]*\([_A-Za-z][_A-Za-z0-9]*\)$/\1 \2 \2/p' | sed '/ __gnu_lto/d' \> conftest.nm
configure:6383: $? = 0
configure:6449: g++ -o conftest -g -O2   conftest.cpp conftstm.o >&5
configure:6452: $? = 0
configure:6490: result: ok
configure:6527: checking for sysroot
configure:6557: result: no
configure:6635: g++ -c -g -O2  conftest.cpp >&5
configure:6638: $? = 0
configure:6821: checking for mt
configure:6837: found /bin/mt
configure:6848: result: mt
configure:6871: checking if mt is a manifest tool
configure:6877: mt '-?'
configure:6885: result: no
configure:7527: checking how to run the C preprocessor
configure:7558: gcc -E  conftest.c
configure:7558: $? = 0
configure:7572: gcc -E  conftest.c
conftest.c:11:28: fatal error: ac_nonexistent.h: No such file or directory
 #include <ac_nonexistent.h>
                            ^
compilation terminated.
configure:7572: $? = 1
configure: failed program was:
| /* confdefs.h */
| #define PACKAGE_NAME ""
| #define PACKAGE_TARNAME ""
| #define PACKAGE_VERSION ""
| #define PACKAGE_STRING ""
| #define PACKAGE_BUGREPORT ""
| #define PACKAGE_URL ""
| #define PACKAGE "SampleApp"
| #define VERSION "0.1"
| /* end confdefs.h.  */
| #include <ac_nonexistent.h>
configure:7597: result: gcc -E
configure:7617: gcc -E  conftest.c
configure:7617: $? = 0
configure:7631: gcc -E  conftest.c
conftest.c:11:28: fatal error: ac_nonexistent.h: No such file or directory
 #include <ac_nonexistent.h>
                            ^
compilation terminated.
configure:7631: $? = 1
configure: failed program was:
| /* confdefs.h */
| #define PACKAGE_NAME ""
| #define PACKAGE_TARNAME ""
| #define PACKAGE_VERSION ""
| #define PACKAGE_STRING ""
| #define PACKAGE_BUGREPORT ""
| #define PACKAGE_URL ""
| #define PACKAGE "SampleApp"
| #define VERSION "0.1"
| /* end confdefs.h.  */
| #include <ac_nonexistent.h>
configure:7660: checking for ANSI C header files
configure:7680: gcc -c -g -O2  conftest.c >&5
configure:7680: $? = 0
configure:7753: gcc -o conftest -g -O2   conftest.c  >&5
configure:7753: $? = 0
configure:7753: ./conftest
configure:7753: $? = 0
configure:7764: result: yes
configure:7777: checking for sys/types.h
configure:7777: gcc -c -g -O2  conftest.c >&5
configure:7777: $? = 0
configure:7777: result: yes
configure:7777: checking for sys/stat.h
configure:7777: gcc -c -g -O2  conftest.c >&5
configure:7777: $? = 0
configure:7777: result: yes
configure:7777: checking for stdlib.h
configure:7777: gcc -c -g -O2  conftest.c >&5
configure:7777: $? = 0
configure:7777: result: yes
configure:7777: checking for string.h
configure:7777: gcc -c -g -O2  conftest.c >&5
configure:7777: $? = 0
configure:7777: result: yes
configure:7777: checking for memory.h
configure:7777: gcc -c -g -O2  conftest.c >&5
configure:7777: $? = 0
configure:7777: result: yes
configure:7777: checking for strings.h
configure:7777: gcc -c -g -O2  conftest.c >&5
configure:7777: $? = 0
configure:7777: result: yes
configure:7777: checking for inttypes.h
configure:7777: gcc -c -g -O2  conftest.c >&5
configure:7777: $? = 0
configure:7777: result: yes
configure:7777: checking for stdint.h
configure:7777: gcc -c -g -O2  conftest.c >&5
configure:7777: $? = 0
configure:7777: result: yes
configure:7777: checking for unistd.h
configure:7777: gcc -c -g -O2  conftest.c >&5
configure:7777: $? = 0
configure:7777: result: yes
configure:7791: checking for dlfcn.h
configure:7791: gcc -c -g -O2  conftest.c >&5
configure:7791: $? = 0
configure:7791: result: yes
configure:8007: checking for objdir
configure:8022: result: .libs
configure:8289: checking if gcc supports -fno-rtti -fno-exceptions
configure:8307: gcc -c -g -O2  -fno-rtti -fno-exceptions conftest.c >&5
cc1: warning: command line option '-fno-rtti' is valid for C++/ObjC++ but not for C [enabled by default]
configure:8311: $? = 0
configure:8324: result: no
configure:8651: checking for gcc option to produce PIC
configure:8658: result: -fPIC -DPIC
configure:8666: checking if gcc PIC flag -fPIC -DPIC works
configure:8684: gcc -c -g -O2  -fPIC -DPIC -DPIC conftest.c >&5
configure:8688: $? = 0
configure:8701: result: yes
configure:8730: checking if gcc static flag -static works
configure:8758: result: yes
configure:8773: checking if gcc supports -c -o file.o
configure:8794: gcc -c -g -O2  -o out/conftest2.o conftest.c >&5
configure:8798: $? = 0
configure:8820: result: yes
configure:8828: checking if gcc supports -c -o file.o
configure:8875: result: yes
configure:8908: checking whether the gcc linker (/usr/bin/ld -m elf_x86_64) supports shared libraries
configure:10065: result: yes
configure:10102: checking whether -lc should be explicitly linked in
configure:10110: gcc -c -g -O2  conftest.c >&5
configure:10113: $? = 0
configure:10128: gcc -shared  -fPIC -DPIC conftest.o  -v -Wl,-soname -Wl,conftest -o conftest 2\>\&1 \| /bin/grep  -lc  \>/dev/null 2\>\&1
configure:10131: $? = 0
configure:10145: result: no
configure:10305: checking dynamic linker characteristics
configure:10805: gcc -o conftest -g -O2   -Wl,-rpath -Wl,/foo conftest.c  >&5
configure:10805: $? = 0
configure:11039: result: GNU/Linux ld.so
configure:11146: checking how to hardcode library paths into programs
configure:11171: result: immediate
configure:11711: checking whether stripping libraries is possible
configure:11716: result: yes
configure:11751: checking if libtool supports shared libraries
configure:11753: result: yes
configure:11756: checking whether to build shared libraries
configure:11777: result: yes
configure:11780: checking whether to build static libraries
configure:11784: result: yes
configure:11807: checking how to run the C++ preprocessor
configure:11834: g++ -E  conftest.cpp
configure:11834: $? = 0
configure:11848: g++ -E  conftest.cpp
conftest.cpp:23:28: fatal error: ac_nonexistent.h: No such file or directory
 #include <ac_nonexistent.h>
                            ^
compilation terminated.
configure:11848: $? = 1
configure: failed program was:
| /* confdefs.h */
| #define PACKAGE_NAME ""
| #define PACKAGE_TARNAME ""
| #define PACKAGE_VERSION ""
| #define PACKAGE_STRING ""
| #define PACKAGE_BUGREPORT ""
| #define PACKAGE_URL ""
| #define PACKAGE "SampleApp"
| #define VERSION "0.1"
| #define STDC_HEADERS 1
| #define HAVE_SYS_TYPES_H 1
| #define HAVE_SYS_STAT_H 1
| #define HAVE_STDLIB_H 1
| #define HAVE_STRING_H 1
| #define HAVE_MEMORY_H 1
| #define HAVE_STRINGS_H 1
| #define HAVE_INTTYPES_H 1
| #define HAVE_STDINT_H 1
| #define HAVE_UNISTD_H 1
| #define HAVE_DLFCN_H 1
| #define LT_OBJDIR ".libs/"
| /* end confdefs.h.  */
| #include <ac_nonexistent.h>
configure:11873: result: g++ -E
configure:11893: g++ -E  conftest.cpp
configure:11893: $? = 0
configure:11907: g++ -E  conftest.cpp
conftest.cpp:23:28: fatal error: ac_nonexistent.h: No such file or directory
 #include <ac_nonexistent.h>
                            ^
compilation terminated.
configure:11907: $? = 1
configure: failed program was:
| /* confdefs.h */
| #define PACKAGE_NAME ""
| #define PACKAGE_TARNAME ""
| #define PACKAGE_VERSION ""
| #define PACKAGE_STRING ""
| #define PACKAGE_BUGREPORT ""
| #define PACKAGE_URL ""
| #define PACKAGE "SampleApp"
| #define VERSION "0.1"
| #define STDC_HEADERS 1
| #define HAVE_SYS_TYPES_H 1
| #define HAVE_SYS_STAT_H 1
| #define HAVE_STDLIB_H 1
| #define HAVE_STRING_H 1
| #define HAVE_MEMORY_H 1
| #define HAVE_STRINGS_H 1
| #define HAVE_INTTYPES_H 1
| #define HAVE_STDINT_H 1
| #define HAVE_UNISTD_H 1
| #define HAVE_DLFCN_H 1
| #define LT_OBJDIR ".libs/"
| /* end confdefs.h.  */
| #include <ac_nonexistent.h>
configure:12076: checking for ld used by g++
configure:12143: result: /usr/bin/ld -m elf_x86_64
configure:12150: checking if the linker (/usr/bin/ld -m elf_x86_64) is GNU ld
configure:12165: result: yes
configure:12220: checking whether the g++ linker (/usr/bin/ld -m elf_x86_64) supports shared libraries
configure:13222: result: yes
configure:13258: g++ -c -g -O2  conftest.cpp >&5
configure:13261: $? = 0
configure:13781: checking for g++ option to produce PIC
configure:13788: result: -fPIC -DPIC
configure:13796: checking if g++ PIC flag -fPIC -DPIC works
configure:13814: g++ -c -g -O2  -fPIC -DPIC -DPIC conftest.cpp >&5
configure:13818: $? = 0
configure:13831: result: yes
configure:13854: checking if g++ static flag -static works
configure:13882: result: yes
configure:13894: checking if g++ supports -c -o file.o
configure:13915: g++ -c -g -O2  -o out/conftest2.o conftest.cpp >&5
configure:13919: $? = 0
configure:13941: result: yes
configure:13946: checking if g++ supports -c -o file.o
configure:13993: result: yes
configure:14023: checking whether the g++ linker (/usr/bin/ld -m elf_x86_64) supports shared libraries
configure:14062: result: yes
configure:14203: checking dynamic linker characteristics
configure:14871: result: GNU/Linux ld.so
configure:14924: checking how to hardcode library paths into programs
configure:14949: result: immediate
configure:15065: checking for pkg-config
configure:15083: found /usr/bin/pkg-config
configure:15095: result: /usr/bin/pkg-config
configure:15120: checking pkg-config is at least version 0.9.0
configure:15123: result: yes
configure:15133: checking for OGRE
configure:15140: $PKG_CONFIG --exists --print-errors "OGRE >= 1.2"
configure:15143: $? = 0
configure:15157: $PKG_CONFIG --exists --print-errors "OGRE >= 1.2"
configure:15160: $? = 0
configure:15218: result: yes
configure:15227: checking for OIS
configure:15234: $PKG_CONFIG --exists --print-errors "OIS >= 1.0"
configure:15237: $? = 0
configure:15251: $PKG_CONFIG --exists --print-errors "OIS >= 1.0"
configure:15254: $? = 0
configure:15312: result: yes
configure:15321: checking for bullet
configure:15328: $PKG_CONFIG --exists --print-errors "bullet >= 2.79"
configure:15331: $? = 0
configure:15345: $PKG_CONFIG --exists --print-errors "bullet >= 2.79"
configure:15348: $? = 0
configure:15406: result: yes
configure:15415: checking for SDL
configure:15422: $PKG_CONFIG --exists --print-errors "SDL_mixer >= 1.2 SDL_net >= 1.2"
configure:15425: $? = 0
configure:15439: $PKG_CONFIG --exists --print-errors "SDL_mixer >= 1.2 SDL_net >= 1.2"
configure:15442: $? = 0
configure:15500: result: yes
configure:15617: checking that generated files are newer than configure
configure:15623: result: done
configure:15650: creating ./config.status

## ---------------------- ##
## Running config.status. ##
## ---------------------- ##

This file was extended by config.status, which was
generated by GNU Autoconf 2.69.  Invocation command line was

  CONFIG_FILES    = 
  CONFIG_HEADERS  = 
  CONFIG_LINKS    = 
  CONFIG_COMMANDS = 
  $ ./config.status 

on throne

config.status:1156: creating Makefile
config.status:1156: creating config.h
config.status:1337: config.h is unchanged
config.status:1385: executing depfiles commands
config.status:1385: executing libtool commands

## ---------------- ##
## Cache variables. ##
## ---------------- ##

ac_cv_build=x86_64-unknown-linux-gnu
ac_cv_c_compiler_gnu=yes
ac_cv_cxx_compiler_gnu=yes
ac_cv_env_CCC_set=
ac_cv_env_CCC_value=
ac_cv_env_CC_set=
ac_cv_env_CC_value=
ac_cv_env_CFLAGS_set=
ac_cv_env_CFLAGS_value=
ac_cv_env_CPPFLAGS_set=
ac_cv_env_CPPFLAGS_value=
ac_cv_env_CPP_set=
ac_cv_env_CPP_value=
ac_cv_env_CXXCPP_set=
ac_cv_env_CXXCPP_value=
ac_cv_env_CXXFLAGS_set=
ac_cv_env_CXXFLAGS_value=
ac_cv_env_CXX_set=
ac_cv_env_CXX_value=
ac_cv_env_LDFLAGS_set=
ac_cv_env_LDFLAGS_value=
ac_cv_env_LIBS_set=
ac_cv_env_LIBS_value=
ac_cv_env_OGRE_CFLAGS_set=
ac_cv_env_OGRE_CFLAGS_value=
ac_cv_env_OGRE_LIBS_set=
ac_cv_env_OGRE_LIBS_value=
ac_cv_env_OIS_CFLAGS_set=
ac_cv_env_OIS_CFLAGS_value=
ac_cv_env_OIS_LIBS_set=
ac_cv_env_OIS_LIBS_value=
ac_cv_env_PKG_CONFIG_LIBDIR_set=
ac_cv_env_PKG_CONFIG_LIBDIR_value=
ac_cv_env_PKG_CONFIG_PATH_set=
ac_cv_env_PKG_CONFIG_PATH_value=
ac_cv_env_PKG_CONFIG_set=
ac_cv_env_PKG_CONFIG_value=
ac_cv_env_SDL_CFLAGS_set=
ac_cv_env_SDL_CFLAGS_value=
ac_cv_env_SDL_LIBS_set=
ac_cv_env_SDL_LIBS_value=
ac_cv_env_build_alias_set=
ac_cv_env_build_alias_value=
ac_cv_env_bullet_CFLAGS_set=
ac_cv_env_bullet_CFLAGS_value=
ac_cv_env_bullet_LIBS_set=
ac_cv_env_bullet_LIBS_value=
ac_cv_env_host_alias_set=
ac_cv_env_host_alias_value=
ac_cv_env_target_alias_set=
ac_cv_env_target_alias_value=
ac_cv_header_dlfcn_h=yes
ac_cv_header_inttypes_h=yes
ac_cv_header_memory_h=yes
ac_cv_header_stdc=yes
ac_cv_header_stdint_h=yes
ac_cv_header_stdlib_h=yes
ac_cv_header_string_h=yes
ac_cv_header_strings_h=yes
ac_cv_header_sys_stat_h=yes
ac_cv_header_sys_types_h=yes
ac_cv_header_unistd_h=yes
ac_cv_host=x86_64-unknown-linux-gnu
ac_cv_objext=o
ac_cv_path_EGREP='/bin/grep -E'
ac_cv_path_FGREP='/bin/grep -F'
ac_cv_path_GREP=/bin/grep
ac_cv_path_SED=/bin/sed
ac_cv_path_ac_pt_PKG_CONFIG=/usr/bin/pkg-config
ac_cv_path_install='/usr/bin/install -c'
ac_cv_path_mkdir=/bin/mkdir
ac_cv_prog_AWK=mawk
ac_cv_prog_CPP='gcc -E'
ac_cv_prog_CXXCPP='g++ -E'
ac_cv_prog_ac_ct_AR=ar
ac_cv_prog_ac_ct_CC=gcc
ac_cv_prog_ac_ct_CXX=g++
ac_cv_prog_ac_ct_MANIFEST_TOOL=mt
ac_cv_prog_ac_ct_OBJDUMP=objdump
ac_cv_prog_ac_ct_RANLIB=ranlib
ac_cv_prog_ac_ct_STRIP=strip
ac_cv_prog_cc_c89=
ac_cv_prog_cc_g=yes
ac_cv_prog_cxx_g=yes
ac_cv_prog_make_make_set=yes
am_cv_CC_dependencies_compiler_type=gcc3
am_cv_CXX_dependencies_compiler_type=gcc3
am_cv_make_support_nested_variables=yes
lt_cv_ar_at_file=@
lt_cv_archive_cmds_need_lc=no
lt_cv_deplibs_check_method=pass_all
lt_cv_file_magic_cmd='$MAGIC_CMD'
lt_cv_file_magic_test_file=
lt_cv_ld_reload_flag=-r
lt_cv_nm_interface='BSD nm'
lt_cv_objdir=.libs
lt_cv_path_LD=/usr/bin/ld
lt_cv_path_LDCXX='/usr/bin/ld -m elf_x86_64'
lt_cv_path_NM='/usr/bin/nm -B'
lt_cv_path_mainfest_tool=no
lt_cv_prog_compiler_c_o=yes
lt_cv_prog_compiler_c_o_CXX=yes
lt_cv_prog_compiler_pic='-fPIC -DPIC'
lt_cv_prog_compiler_pic_CXX='-fPIC -DPIC'
lt_cv_prog_compiler_pic_works=yes
lt_cv_prog_compiler_pic_works_CXX=yes
lt_cv_prog_compiler_rtti_exceptions=no
lt_cv_prog_compiler_static_works=yes
lt_cv_prog_compiler_static_works_CXX=yes
lt_cv_prog_gnu_ld=yes
lt_cv_prog_gnu_ldcxx=yes
lt_cv_sharedlib_from_linklib_cmd='printf %s\n'
lt_cv_shlibpath_overrides_runpath=no
lt_cv_sys_global_symbol_pipe='sed -n -e '\''s/^.*[	 ]\([ABCDGIRSTW][ABCDGIRSTW]*\)[	 ][	 ]*\([_A-Za-z][_A-Za-z0-9]*\)$/\1 \2 \2/p'\'' | sed '\''/ __gnu_lto/d'\'''
lt_cv_sys_global_symbol_to_c_name_address='sed -n -e '\''s/^: \([^ ]*\)[ ]*$/  {\"\1\", (void *) 0},/p'\'' -e '\''s/^[ABCDGIRSTW]* \([^ ]*\) \([^ ]*\)$/  {"\2", (void *) \&\2},/p'\'''
lt_cv_sys_global_symbol_to_c_name_address_lib_prefix='sed -n -e '\''s/^: \([^ ]*\)[ ]*$/  {\"\1\", (void *) 0},/p'\'' -e '\''s/^[ABCDGIRSTW]* \([^ ]*\) \(lib[^ ]*\)$/  {"\2", (void *) \&\2},/p'\'' -e '\''s/^[ABCDGIRSTW]* \([^ ]*\) \([^ ]*\)$/  {"lib\2", (void *) \&\2},/p'\'''
lt_cv_sys_global_symbol_to_cdecl='sed -n -e '\''s/^T .* \(.*\)$/extern int \1();/p'\'' -e '\''s/^[ABCDGIRSTW]* .* \(.*\)$/extern char \1;/p'\'''
lt_cv_sys_max_cmd_len=1572864
lt_cv_to_host_file_cmd=func_convert_file_noop
lt_cv_to_tool_file_cmd=func_convert_file_noop
pkg_cv_OGRE_CFLAGS='-pthread -I/usr/local/include -I/usr/local/include/OGRE  '
pkg_cv_OGRE_LIBS='-L/usr/local/lib -lOgreMain -lpthread -lboost_thread -lboost_system  '
pkg_cv_OIS_CFLAGS='-I/usr/include/ois  '
pkg_cv_OIS_LIBS='-lOIS  '
pkg_cv_SDL_CFLAGS='-D_GNU_SOURCE=1 -D_REENTRANT -I/usr/include/SDL  '
pkg_cv_SDL_LIBS='-lSDL_mixer -lSDL_net -lSDL  '
pkg_cv_bullet_CFLAGS='-I/usr/include/bullet  '
pkg_cv_bullet_LIBS='-lBulletSoftBody -lBulletDynamics -lBulletCollision -lLinearMath  '

## ----------------- ##
## Output variables. ##
## ----------------- ##

ACLOCAL='${SHELL} /home/nolnoch/git/ogre/TileGame/missing aclocal-1.13'
AMDEPBACKSLASH='\'
AMDEP_FALSE='#'
AMDEP_TRUE=''
AMTAR='$${TAR-tar}'
AM_BACKSLASH='\'
AM_DEFAULT_V='$(AM_DEFAULT_VERBOSITY)'
AM_DEFAULT_VERBOSITY='1'
AM_V='$(V)'
AR='ar'
AUTOCONF='${SHELL} /home/nolnoch/git/ogre/TileGame/missing autoconf'
AUTOHEADER='${SHELL} /home/nolnoch/git/ogre/TileGame/missing autoheader'
AUTOMAKE='${SHELL} /home/nolnoch/git/ogre/TileGame/missing automake-1.13'
AWK='mawk'
BULLET_CFLAGS=''
BULLET_LIBS=''
CC='gcc'
CCDEPMODE='depmode=gcc3'
CFLAGS='-g -O2'
CPP='gcc -E'
CPPFLAGS=''
CXX='g++'
CXXCPP='g++ -E'
CXXDEPMODE='depmode=gcc3'
CXXFLAGS='-g -O2'
CYGPATH_W='echo'
DEFS='-DHAVE_CONFIG_H'
DEPDIR='.deps'
DLLTOOL='false'
DSYMUTIL=''
DUMPBIN=''
ECHO_C=''
ECHO_N='-n'
ECHO_T=''
EGREP='/bin/grep -E'
EXEEXT=''
FGREP='/bin/grep -F'
GREP='/bin/grep'
INSTALL_DATA='${INSTALL} -m 644'
INSTALL_PROGRAM='${INSTALL}'
INSTALL_SCRIPT='${INSTALL}'
INSTALL_STRIP_PROGRAM='$(install_sh) -c -s'
LD='/usr/bin/ld -m elf_x86_64'
LDFLAGS=''
LIBOBJS=''
LIBS=''
LIBTOOL='$(SHELL) $(top_builddir)/libtool'
LIPO=''
LN_S='ln -s'
LTLIBOBJS=''
MAKEINFO='${SHELL} /home/nolnoch/git/ogre/TileGame/missing makeinfo'
MANIFEST_TOOL=':'
MKDIR_P='/bin/mkdir -p'
NM='/usr/bin/nm -B'
NMEDIT=''
OBJDUMP='objdump'
OBJEXT='o'
OGRE_CFLAGS='-pthread -I/usr/local/include -I/usr/local/include/OGRE  '
OGRE_LIBS='-L/usr/local/lib -lOgreMain -lpthread -lboost_thread -lboost_system  '
OIS_CFLAGS='-I/usr/include/ois  '
OIS_LIBS='-lOIS  '
OTOOL64=''
OTOOL=''
PACKAGE='SampleApp'
PACKAGE_BUGREPORT=''
PACKAGE_NAME=''
PACKAGE_STRING=''
PACKAGE_TARNAME=''
PACKAGE_URL=''
PACKAGE_VERSION=''
PATH_SEPARATOR=':'
PKG_CONFIG='/usr/bin/pkg-config'
PKG_CONFIG_LIBDIR=''
PKG_CONFIG_PATH=''
RANLIB='ranlib'
SDL_CFLAGS='-D_GNU_SOURCE=1 -D_REENTRANT -I/usr/include/SDL  '
SDL_LIBS='-lSDL_mixer -lSDL_net -lSDL  '
SED='/bin/sed'
SET_MAKE=''
SHELL='/bin/bash'
STRIP='strip'
VERSION='0.1'
ac_ct_AR='ar'
ac_ct_CC='gcc'
ac_ct_CXX='g++'
ac_ct_DUMPBIN=''
am__EXEEXT_FALSE=''
am__EXEEXT_TRUE='#'
am__fastdepCC_FALSE='#'
am__fastdepCC_TRUE=''
am__fastdepCXX_FALSE='#'
am__fastdepCXX_TRUE=''
am__include='include'
am__isrc=''
am__leading_dot='.'
am__nodep='_no'
am__quote=''
am__tar='$${TAR-tar} chof - "$$tardir"'
am__untar='$${TAR-tar} xf -'
bindir='${exec_prefix}/bin'
build='x86_64-unknown-linux-gnu'
build_alias=''
build_cpu='x86_64'
build_os='linux-gnu'
build_vendor='unknown'
bullet_CFLAGS='-I/usr/include/bullet  '
bullet_LIBS='-lBulletSoftBody -lBulletDynamics -lBulletCollision -lLinearMath  '
datadir='${datarootdir}'
datarootdir='${prefix}/share'
docdir='${datarootdir}/doc/${PACKAGE}'
dvidir='${docdir}'
exec_prefix='${prefix}'
host='x86_64-unknown-linux-gnu'
host_alias=''
host_cpu='x86_64'
host_os='linux-gnu'
host_vendor='unknown'
htmldir='${docdir}'
includedir='${prefix}/include'
infodir='${datarootdir}/info'
install_sh='${SHELL} /home/nolnoch/git/ogre/TileGame/install-sh'
libdir='${exec_prefix}/lib'
libexecdir='${exec_prefix}/libexec'
localedir='${datarootdir}/locale'
localstatedir='${prefix}/var'
mandir='${datarootdir}/man'
mkdir_p='$(MKDIR_P)'
oldincludedir='/usr/include'
pdfdir='${docdir}'
prefix='/usr/local'
program_transform_name='s,x,x,'
psdir='${docdir}'
sbindir='${exec_prefix}/sbin'
sharedstatedir='${prefix}/com'
sysconfdir='${prefix}/etc'
target_alias=''

## ----------- ##
## confdefs.h. ##
## ----------- ##

/* confdefs.h */
#define PACKAGE_NAME ""
#define PACKAGE_TARNAME ""
#define PACKAGE_VERSION ""
#define PACKAGE_STRING ""
#define PACKAGE_BUGREPORT ""
#define PACKAGE_URL ""
#define PACKAGE "SampleApp"
#define VERSION "0.1"
#define STDC_HEADERS 1
#define HAVE_SYS_TYPES_H 1
#define HAVE_SYS_STAT_H 1
#define HAVE_STDLIB_H 1
#define HAVE_STRING_H 1
#define HAVE_MEMORY_H 1
#define HAVE_STRINGS_H 1
#define HAVE_INTTYPES_H 1
#define HAVE_STDINT_H 1
#define HAVE_UNISTD_H 1
#define HAVE_DLFCN_H 1
#define LT_OBJDIR ".libs/"

configure: exit 0

## ---------------------- ##
## Running config.status. ##
## ---------------------- ##

This file was extended by config.status, which was
generated by GNU Autoconf 2.69.  Invocation command line was

  CONFIG_FILES    = 
  CONFIG_HEADERS  = 
  CONFIG_LINKS    = 
  CONFIG_COMMANDS = 
  $ ./config.status config.h

on throne

config.status:1156: creating config.h
config.status:1337: config.h is unchanged

## ---------------------- ##
## Running config.status. ##
## ---------------------- ##

This file was extended by config.status, which was
generated by GNU Autoconf 2.69.  Invocation command line was

  CONFIG_FILES    = 
  CONFIG_HEADERS  = 
  CONFIG_LINKS    = 
  CONFIG_COMMANDS = 
  $ ./config.status Makefile depfiles

on throne

config.status:1156: creating Makefile
config.status:1385: executing depfiles commands
