This file contains any messages produced by compilers while
running configure, to aid debugging if configure makes a mistake.

It was created by configure, which was
generated by GNU Autoconf 2.61.  Invocation command line was

  $ ./configure --enable-static

## --------- ##
## Platform. ##
## --------- ##

hostname = throne
uname -m = x86_64
uname -r = 3.11.0-12-generic
uname -s = Linux
uname -v = #19-Ubuntu SMP Wed Oct 9 16:20:46 UTC 2013

/usr/bin/uname -p = unknown
/bin/uname -X     = unknown

/bin/arch              = unknown
/usr/bin/arch -k       = unknown
/usr/convex/getsysinfo = unknown
/usr/bin/hostinfo      = unknown
/bin/machine           = unknown
/usr/bin/oslevel       = unknown
/bin/universe          = unknown

PATH: /usr/lib/lightdm/lightdm
PATH: /usr/local/sbin
PATH: /usr/local/bin
PATH: /usr/sbin
PATH: /usr/bin
PATH: /sbin
PATH: /bin
PATH: /usr/games
PATH: /usr/local/games


## ----------- ##
## Core tests. ##
## ----------- ##

configure:2037: checking build system type
configure:2055: result: x86_64-unknown-linux-gnu
configure:2077: checking host system type
configure:2092: result: x86_64-unknown-linux-gnu
configure:2162: checking for gcc
configure:2178: found /usr/bin/gcc
configure:2189: result: gcc
configure:2427: checking for C compiler version
configure:2434: gcc --version >&5
gcc (Ubuntu/Linaro 4.8.1-10ubuntu9) 4.8.1
Copyright (C) 2013 Free Software Foundation, Inc.
This is free software; see the source for copying conditions.  There is NO
warranty; not even for MERCHANTABILITY or FITNESS FOR A PARTICULAR PURPOSE.

configure:2437: $? = 0
configure:2444: gcc -v >&5
Using built-in specs.
COLLECT_GCC=gcc
COLLECT_LTO_WRAPPER=/usr/lib/gcc/x86_64-linux-gnu/4.8/lto-wrapper
Target: x86_64-linux-gnu
Configured with: ../src/configure -v --with-pkgversion='Ubuntu/Linaro 4.8.1-10ubuntu9' --with-bugurl=file:///usr/share/doc/gcc-4.8/README.Bugs --enable-languages=c,c++,java,go,d,fortran,objc,obj-c++ --prefix=/usr --program-suffix=-4.8 --enable-shared --enable-linker-build-id --libexecdir=/usr/lib --without-included-gettext --enable-threads=posix --with-gxx-include-dir=/usr/include/c++/4.8 --libdir=/usr/lib --enable-nls --with-sysroot=/ --enable-clocale=gnu --enable-libstdcxx-debug --enable-libstdcxx-time=yes --enable-gnu-unique-object --enable-plugin --with-system-zlib --disable-browser-plugin --enable-java-awt=gtk --enable-gtk-cairo --with-java-home=/usr/lib/jvm/java-1.5.0-gcj-4.8-amd64/jre --enable-java-home --with-jvm-root-dir=/usr/lib/jvm/java-1.5.0-gcj-4.8-amd64 --with-jvm-jar-dir=/usr/lib/jvm-exports/java-1.5.0-gcj-4.8-amd64 --with-arch-directory=amd64 --with-ecj-jar=/usr/share/java/eclipse-ecj.jar --enable-objc-gc --enable-multiarch --disable-werror --with-arch-32=i686 --with-abi=m64 --with-multilib-list=m32,m64,mx32 --with-tune=generic --enable-checking=release --build=x86_64-linux-gnu --host=x86_64-linux-gnu --target=x86_64-linux-gnu
Thread model: posix
gcc version 4.8.1 (Ubuntu/Linaro 4.8.1-10ubuntu9) 
configure:2447: $? = 0
configure:2454: gcc -V >&5
gcc: error: unrecognized command line option '-V'
gcc: fatal error: no input files
compilation terminated.
configure:2457: $? = 4
configure:2480: checking for C compiler default output file name
configure:2507: gcc    conftest.c  >&5
configure:2510: $? = 0
configure:2548: result: a.out
configure:2565: checking whether the C compiler works
configure:2575: ./a.out
configure:2578: $? = 0
configure:2595: result: yes
configure:2602: checking whether we are cross compiling
configure:2604: result: no
configure:2607: checking for suffix of executables
configure:2614: gcc -o conftest    conftest.c  >&5
configure:2617: $? = 0
configure:2641: result: 
configure:2647: checking for suffix of object files
configure:2673: gcc -c   conftest.c >&5
configure:2676: $? = 0
configure:2699: result: o
configure:2703: checking whether we are using the GNU C compiler
configure:2732: gcc -c   conftest.c >&5
configure:2738: $? = 0
configure:2755: result: yes
configure:2760: checking whether gcc accepts -g
configure:2790: gcc -c -g  conftest.c >&5
configure:2796: $? = 0
configure:2895: result: yes
configure:2912: checking for gcc option to accept ISO C89
configure:2986: gcc  -c -g -O2  conftest.c >&5
configure:2992: $? = 0
configure:3015: result: none needed
configure:3033: checking for a sed that does not truncate output
configure:3112: result: /bin/sed
configure:3130: checking for grep that handles long lines and -e
configure:3204: result: /bin/grep
configure:3209: checking for egrep
configure:3287: result: /bin/grep -E
configure:3292: checking for fgrep
configure:3370: result: /bin/grep -F
configure:3405: checking for ld used by gcc
configure:3472: result: /usr/bin/ld
configure:3481: checking if the linker (/usr/bin/ld) is GNU ld
configure:3496: result: yes
configure:3508: checking for BSD- or MS-compatible name lister (nm)
configure:3557: result: /usr/bin/nm -B
configure:3679: checking the name lister (/usr/bin/nm -B) interface
configure:3686: gcc -c -g -O2  conftest.c >&5
configure:3689: /usr/bin/nm -B "conftest.o"
configure:3692: output
0000000000000000 B some_variable
configure:3699: result: BSD nm
configure:3702: checking whether ln -s works
configure:3706: result: yes
configure:3714: checking the maximum length of command line arguments
configure:3840: result: 1572864
configure:3857: checking whether the shell understands some XSI constructs
configure:3867: result: yes
configure:3871: checking whether the shell understands "+="
configure:3877: result: yes
configure:3912: checking for /usr/bin/ld option to reload object files
configure:3919: result: -r
configure:3988: checking for objdump
configure:4004: found /usr/bin/objdump
configure:4015: result: objdump
configure:4048: checking how to recognize dependent libraries
configure:4246: result: pass_all
configure:4306: checking for ar
configure:4322: found /usr/bin/ar
configure:4333: result: ar
configure:4415: checking for strip
configure:4431: found /usr/bin/strip
configure:4442: result: strip
configure:4518: checking for ranlib
configure:4534: found /usr/bin/ranlib
configure:4545: result: ranlib
configure:4639: checking command to parse /usr/bin/nm -B output from gcc object
configure:4757: gcc -c -g -O2  conftest.c >&5
configure:4760: $? = 0
configure:4764: /usr/bin/nm -B conftest.o \| sed -n -e 's/^.*[	 ]\([ABCDGIRSTW][ABCDGIRSTW]*\)[	 ][	 ]*\([_A-Za-z][_A-Za-z0-9]*\)$/\1 \2 \2/p' \> conftest.nm
configure:4767: $? = 0
configure:4821: gcc -o conftest -g -O2   conftest.c conftstm.o >&5
configure:4824: $? = 0
configure:4862: result: ok
configure:4958: gcc -c -g -O2  conftest.c >&5
configure:4961: $? = 0
configure:5741: checking how to run the C preprocessor
configure:5781: gcc -E  conftest.c
configure:5787: $? = 0
configure:5818: gcc -E  conftest.c
conftest.c:8:28: fatal error: ac_nonexistent.h: No such file or directory
 #include <ac_nonexistent.h>
                            ^
compilation terminated.
configure:5824: $? = 1
configure: failed program was:
| /* confdefs.h.  */
| #define PACKAGE_NAME ""
| #define PACKAGE_TARNAME ""
| #define PACKAGE_VERSION ""
| #define PACKAGE_STRING ""
| #define PACKAGE_BUGREPORT ""
| /* end confdefs.h.  */
| #include <ac_nonexistent.h>
configure:5857: result: gcc -E
configure:5886: gcc -E  conftest.c
configure:5892: $? = 0
configure:5923: gcc -E  conftest.c
conftest.c:8:28: fatal error: ac_nonexistent.h: No such file or directory
 #include <ac_nonexistent.h>
                            ^
compilation terminated.
configure:5929: $? = 1
configure: failed program was:
| /* confdefs.h.  */
| #define PACKAGE_NAME ""
| #define PACKAGE_TARNAME ""
| #define PACKAGE_VERSION ""
| #define PACKAGE_STRING ""
| #define PACKAGE_BUGREPORT ""
| /* end confdefs.h.  */
| #include <ac_nonexistent.h>
configure:5967: checking for ANSI C header files
configure:5997: gcc -c -g -O2  conftest.c >&5
configure:6003: $? = 0
configure:6102: gcc -o conftest -g -O2   conftest.c  >&5
configure:6105: $? = 0
configure:6111: ./conftest
configure:6114: $? = 0
configure:6131: result: yes
configure:6155: checking for sys/types.h
configure:6176: gcc -c -g -O2  conftest.c >&5
configure:6182: $? = 0
configure:6198: result: yes
configure:6155: checking for sys/stat.h
configure:6176: gcc -c -g -O2  conftest.c >&5
configure:6182: $? = 0
configure:6198: result: yes
configure:6155: checking for stdlib.h
configure:6176: gcc -c -g -O2  conftest.c >&5
configure:6182: $? = 0
configure:6198: result: yes
configure:6155: checking for string.h
configure:6176: gcc -c -g -O2  conftest.c >&5
configure:6182: $? = 0
configure:6198: result: yes
configure:6155: checking for memory.h
configure:6176: gcc -c -g -O2  conftest.c >&5
configure:6182: $? = 0
configure:6198: result: yes
configure:6155: checking for strings.h
configure:6176: gcc -c -g -O2  conftest.c >&5
configure:6182: $? = 0
configure:6198: result: yes
configure:6155: checking for inttypes.h
configure:6176: gcc -c -g -O2  conftest.c >&5
configure:6182: $? = 0
configure:6198: result: yes
configure:6155: checking for stdint.h
configure:6176: gcc -c -g -O2  conftest.c >&5
configure:6182: $? = 0
configure:6198: result: yes
configure:6155: checking for unistd.h
configure:6176: gcc -c -g -O2  conftest.c >&5
configure:6182: $? = 0
configure:6198: result: yes
configure:6214: checking for dlfcn.h
configure:6235: gcc -c -g -O2  conftest.c >&5
configure:6241: $? = 0
configure:6257: result: yes
configure:6751: checking for objdir
configure:6766: result: .libs
configure:7062: checking if gcc supports -fno-rtti -fno-exceptions
configure:7080: gcc -c -g -O2  -fno-rtti -fno-exceptions conftest.c >&5
cc1: warning: command line option '-fno-rtti' is valid for C++/ObjC++ but not for C [enabled by default]
configure:7084: $? = 0
configure:7097: result: no
configure:7117: checking for gcc option to produce PIC
configure:7389: result: -fPIC -DPIC
configure:7401: checking if gcc PIC flag -fPIC -DPIC works
configure:7419: gcc -c -g -O2  -fPIC -DPIC -DPIC conftest.c >&5
configure:7423: $? = 0
configure:7436: result: yes
configure:7460: checking if gcc static flag -static works
configure:7488: result: yes
configure:7503: checking if gcc supports -c -o file.o
configure:7524: gcc -c -g -O2  -o out/conftest2.o conftest.c >&5
configure:7528: $? = 0
configure:7550: result: yes
configure:7558: checking if gcc supports -c -o file.o
configure:7605: result: yes
configure:7638: checking whether the gcc linker (/usr/bin/ld -m elf_x86_64) supports shared libraries
configure:8700: result: yes
configure:8737: checking whether -lc should be explicitly linked in
configure:8742: gcc -c -g -O2  conftest.c >&5
configure:8745: $? = 0
configure:8760: gcc -shared conftest.o  -v -Wl,-soname -Wl,conftest -o conftest 2\>\&1 \| /bin/grep  -lc  \>/dev/null 2\>\&1
configure:8763: $? = 0
configure:8775: result: no
configure:8939: checking dynamic linker characteristics
configure:9384: gcc -o conftest -g -O2   -Wl,-rpath -Wl,/foo conftest.c  >&5
configure:9390: $? = 0
configure:9620: result: GNU/Linux ld.so
configure:9722: checking how to hardcode library paths into programs
configure:9747: result: immediate
configure:10552: checking whether stripping libraries is possible
configure:10557: result: yes
configure:10592: checking if libtool supports shared libraries
configure:10594: result: yes
configure:10597: checking whether to build shared libraries
configure:10618: result: yes
configure:10621: checking whether to build static libraries
configure:10625: result: yes
configure:10671: checking host system type
configure:10686: result: x86_64-unknown-linux-gnu
configure:10724: checking for a BSD-compatible install
configure:10780: result: /usr/bin/install -c
configure:10791: checking whether build environment is sane
configure:10834: result: yes
configure:10862: checking for a thread-safe mkdir -p
configure:10901: result: /bin/mkdir -p
configure:10914: checking for gawk
configure:10944: result: no
configure:10914: checking for mawk
configure:10930: found /usr/bin/mawk
configure:10941: result: mawk
configure:10952: checking whether make sets $(MAKE)
configure:10973: result: yes
configure:11003: checking for style of include used by make
configure:11031: result: GNU
configure:11224: checking dependency style of gcc
configure:11315: result: gcc3
configure:11381: checking for gcc
configure:11408: result: gcc
configure:11646: checking for C compiler version
configure:11653: gcc --version >&5
gcc (Ubuntu/Linaro 4.8.1-10ubuntu9) 4.8.1
Copyright (C) 2013 Free Software Foundation, Inc.
This is free software; see the source for copying conditions.  There is NO
warranty; not even for MERCHANTABILITY or FITNESS FOR A PARTICULAR PURPOSE.

configure:11656: $? = 0
configure:11663: gcc -v >&5
Using built-in specs.
COLLECT_GCC=gcc
COLLECT_LTO_WRAPPER=/usr/lib/gcc/x86_64-linux-gnu/4.8/lto-wrapper
Target: x86_64-linux-gnu
Configured with: ../src/configure -v --with-pkgversion='Ubuntu/Linaro 4.8.1-10ubuntu9' --with-bugurl=file:///usr/share/doc/gcc-4.8/README.Bugs --enable-languages=c,c++,java,go,d,fortran,objc,obj-c++ --prefix=/usr --program-suffix=-4.8 --enable-shared --enable-linker-build-id --libexecdir=/usr/lib --without-included-gettext --enable-threads=posix --with-gxx-include-dir=/usr/include/c++/4.8 --libdir=/usr/lib --enable-nls --with-sysroot=/ --enable-clocale=gnu --enable-libstdcxx-debug --enable-libstdcxx-time=yes --enable-gnu-unique-object --enable-plugin --with-system-zlib --disable-browser-plugin --enable-java-awt=gtk --enable-gtk-cairo --with-java-home=/usr/lib/jvm/java-1.5.0-gcj-4.8-amd64/jre --enable-java-home --with-jvm-root-dir=/usr/lib/jvm/java-1.5.0-gcj-4.8-amd64 --with-jvm-jar-dir=/usr/lib/jvm-exports/java-1.5.0-gcj-4.8-amd64 --with-arch-directory=amd64 --with-ecj-jar=/usr/share/java/eclipse-ecj.jar --enable-objc-gc --enable-multiarch --disable-werror --with-arch-32=i686 --with-abi=m64 --with-multilib-list=m32,m64,mx32 --with-tune=generic --enable-checking=release --build=x86_64-linux-gnu --host=x86_64-linux-gnu --target=x86_64-linux-gnu
Thread model: posix
gcc version 4.8.1 (Ubuntu/Linaro 4.8.1-10ubuntu9) 
configure:11666: $? = 0
configure:11673: gcc -V >&5
gcc: error: unrecognized command line option '-V'
gcc: fatal error: no input files
compilation terminated.
configure:11676: $? = 4
configure:11679: checking whether we are using the GNU C compiler
configure:11731: result: yes
configure:11736: checking whether gcc accepts -g
configure:11871: result: yes
configure:11888: checking for gcc option to accept ISO C89
configure:11991: result: none needed
configure:12067: checking for g++
configure:12083: found /usr/bin/g++
configure:12094: result: g++
configure:12125: checking for C++ compiler version
configure:12132: g++ --version >&5
g++ (Ubuntu/Linaro 4.8.1-10ubuntu9) 4.8.1
Copyright (C) 2013 Free Software Foundation, Inc.
This is free software; see the source for copying conditions.  There is NO
warranty; not even for MERCHANTABILITY or FITNESS FOR A PARTICULAR PURPOSE.

configure:12135: $? = 0
configure:12142: g++ -v >&5
Using built-in specs.
COLLECT_GCC=g++
COLLECT_LTO_WRAPPER=/usr/lib/gcc/x86_64-linux-gnu/4.8/lto-wrapper
Target: x86_64-linux-gnu
Configured with: ../src/configure -v --with-pkgversion='Ubuntu/Linaro 4.8.1-10ubuntu9' --with-bugurl=file:///usr/share/doc/gcc-4.8/README.Bugs --enable-languages=c,c++,java,go,d,fortran,objc,obj-c++ --prefix=/usr --program-suffix=-4.8 --enable-shared --enable-linker-build-id --libexecdir=/usr/lib --without-included-gettext --enable-threads=posix --with-gxx-include-dir=/usr/include/c++/4.8 --libdir=/usr/lib --enable-nls --with-sysroot=/ --enable-clocale=gnu --enable-libstdcxx-debug --enable-libstdcxx-time=yes --enable-gnu-unique-object --enable-plugin --with-system-zlib --disable-browser-plugin --enable-java-awt=gtk --enable-gtk-cairo --with-java-home=/usr/lib/jvm/java-1.5.0-gcj-4.8-amd64/jre --enable-java-home --with-jvm-root-dir=/usr/lib/jvm/java-1.5.0-gcj-4.8-amd64 --with-jvm-jar-dir=/usr/lib/jvm-exports/java-1.5.0-gcj-4.8-amd64 --with-arch-directory=amd64 --with-ecj-jar=/usr/share/java/eclipse-ecj.jar --enable-objc-gc --enable-multiarch --disable-werror --with-arch-32=i686 --with-abi=m64 --with-multilib-list=m32,m64,mx32 --with-tune=generic --enable-checking=release --build=x86_64-linux-gnu --host=x86_64-linux-gnu --target=x86_64-linux-gnu
Thread model: posix
gcc version 4.8.1 (Ubuntu/Linaro 4.8.1-10ubuntu9) 
configure:12145: $? = 0
configure:12152: g++ -V >&5
g++: error: unrecognized command line option '-V'
g++: fatal error: no input files
compilation terminated.
configure:12155: $? = 4
configure:12158: checking whether we are using the GNU C++ compiler
configure:12187: g++ -c   conftest.cpp >&5
configure:12193: $? = 0
configure:12210: result: yes
configure:12215: checking whether g++ accepts -g
configure:12245: g++ -c -g  conftest.cpp >&5
configure:12251: $? = 0
configure:12350: result: yes
configure:12490: checking for C++ compiler version
configure:12497: g++ --version >&5
g++ (Ubuntu/Linaro 4.8.1-10ubuntu9) 4.8.1
Copyright (C) 2013 Free Software Foundation, Inc.
This is free software; see the source for copying conditions.  There is NO
warranty; not even for MERCHANTABILITY or FITNESS FOR A PARTICULAR PURPOSE.

configure:12500: $? = 0
configure:12507: g++ -v >&5
Using built-in specs.
COLLECT_GCC=g++
COLLECT_LTO_WRAPPER=/usr/lib/gcc/x86_64-linux-gnu/4.8/lto-wrapper
Target: x86_64-linux-gnu
Configured with: ../src/configure -v --with-pkgversion='Ubuntu/Linaro 4.8.1-10ubuntu9' --with-bugurl=file:///usr/share/doc/gcc-4.8/README.Bugs --enable-languages=c,c++,java,go,d,fortran,objc,obj-c++ --prefix=/usr --program-suffix=-4.8 --enable-shared --enable-linker-build-id --libexecdir=/usr/lib --without-included-gettext --enable-threads=posix --with-gxx-include-dir=/usr/include/c++/4.8 --libdir=/usr/lib --enable-nls --with-sysroot=/ --enable-clocale=gnu --enable-libstdcxx-debug --enable-libstdcxx-time=yes --enable-gnu-unique-object --enable-plugin --with-system-zlib --disable-browser-plugin --enable-java-awt=gtk --enable-gtk-cairo --with-java-home=/usr/lib/jvm/java-1.5.0-gcj-4.8-amd64/jre --enable-java-home --with-jvm-root-dir=/usr/lib/jvm/java-1.5.0-gcj-4.8-amd64 --with-jvm-jar-dir=/usr/lib/jvm-exports/java-1.5.0-gcj-4.8-amd64 --with-arch-directory=amd64 --with-ecj-jar=/usr/share/java/eclipse-ecj.jar --enable-objc-gc --enable-multiarch --disable-werror --with-arch-32=i686 --with-abi=m64 --with-multilib-list=m32,m64,mx32 --with-tune=generic --enable-checking=release --build=x86_64-linux-gnu --host=x86_64-linux-gnu --target=x86_64-linux-gnu
Thread model: posix
gcc version 4.8.1 (Ubuntu/Linaro 4.8.1-10ubuntu9) 
configure:12510: $? = 0
configure:12517: g++ -V >&5
g++: error: unrecognized command line option '-V'
g++: fatal error: no input files
compilation terminated.
configure:12520: $? = 4
configure:12523: checking whether we are using the GNU C++ compiler
configure:12575: result: yes
configure:12580: checking whether g++ accepts -g
configure:12715: result: yes
configure:12740: checking dependency style of g++
configure:12831: result: gcc3
configure:12854: checking how to run the C++ preprocessor
configure:12890: g++ -E  conftest.cpp
configure:12896: $? = 0
configure:12927: g++ -E  conftest.cpp
conftest.cpp:22:28: fatal error: ac_nonexistent.h: No such file or directory
 #include <ac_nonexistent.h>
                            ^
compilation terminated.
configure:12933: $? = 1
configure: failed program was:
| /* confdefs.h.  */
| #define PACKAGE_NAME ""
| #define PACKAGE_TARNAME ""
| #define PACKAGE_VERSION ""
| #define PACKAGE_STRING ""
| #define PACKAGE_BUGREPORT ""
| #define STDC_HEADERS 1
| #define HAVE_SYS_TYPES_H 1
| #define HAVE_SYS_STAT_H 1
| #define HAVE_STDLIB_H 1
| #define HAVE_STRING_H 1
| #define HAVE_MEMORY_H 1
| #define HAVE_STRINGS_H 1
| #define HAVE_INTTYPES_H 1
| #define HAVE_STDINT_H 1
| #define HAVE_UNISTD_H 1
| #define HAVE_DLFCN_H 1
| #define LT_OBJDIR ".libs/"
| #define PACKAGE "SDL_net"
| #define VERSION "1.2.8"
| /* end confdefs.h.  */
| #include <ac_nonexistent.h>
configure:12966: result: g++ -E
configure:12995: g++ -E  conftest.cpp
configure:13001: $? = 0
configure:13032: g++ -E  conftest.cpp
conftest.cpp:22:28: fatal error: ac_nonexistent.h: No such file or directory
 #include <ac_nonexistent.h>
                            ^
compilation terminated.
configure:13038: $? = 1
configure: failed program was:
| /* confdefs.h.  */
| #define PACKAGE_NAME ""
| #define PACKAGE_TARNAME ""
| #define PACKAGE_VERSION ""
| #define PACKAGE_STRING ""
| #define PACKAGE_BUGREPORT ""
| #define STDC_HEADERS 1
| #define HAVE_SYS_TYPES_H 1
| #define HAVE_SYS_STAT_H 1
| #define HAVE_STDLIB_H 1
| #define HAVE_STRING_H 1
| #define HAVE_MEMORY_H 1
| #define HAVE_STRINGS_H 1
| #define HAVE_INTTYPES_H 1
| #define HAVE_STDINT_H 1
| #define HAVE_UNISTD_H 1
| #define HAVE_DLFCN_H 1
| #define LT_OBJDIR ".libs/"
| #define PACKAGE "SDL_net"
| #define VERSION "1.2.8"
| /* end confdefs.h.  */
| #include <ac_nonexistent.h>
configure:13212: checking for ld used by g++
configure:13279: result: /usr/bin/ld -m elf_x86_64
configure:13288: checking if the linker (/usr/bin/ld -m elf_x86_64) is GNU ld
configure:13303: result: yes
configure:13358: checking whether the g++ linker (/usr/bin/ld -m elf_x86_64) supports shared libraries
configure:14325: result: yes
configure:14353: g++ -c -g -O2  conftest.cpp >&5
configure:14356: $? = 0
configure:14538: checking for g++ option to produce PIC
configure:14855: result: -fPIC -DPIC
configure:14864: checking if g++ PIC flag -fPIC -DPIC works
configure:14882: g++ -c -g -O2  -fPIC -DPIC -DPIC conftest.cpp >&5
configure:14886: $? = 0
configure:14899: result: yes
configure:14920: checking if g++ static flag -static works
configure:14948: result: yes
configure:14960: checking if g++ supports -c -o file.o
configure:14981: g++ -c -g -O2  -o out/conftest2.o conftest.cpp >&5
configure:14985: $? = 0
configure:15007: result: yes
configure:15012: checking if g++ supports -c -o file.o
configure:15059: result: yes
configure:15089: checking whether the g++ linker (/usr/bin/ld -m elf_x86_64) supports shared libraries
configure:15115: result: yes
configure:15252: checking dynamic linker characteristics
configure:15645: g++ -o conftest -g -O2   -Wl,-rpath -Wl,/foo conftest.cpp  >&5
configure:15651: $? = 0
configure:15881: result: GNU/Linux ld.so
configure:15932: checking how to hardcode library paths into programs
configure:15957: result: immediate
configure:15998: checking dependency style of g++
configure:16089: result: gcc3
configure:16117: checking for a BSD-compatible install
configure:16173: result: /usr/bin/install -c
configure:16184: checking whether make sets $(MAKE)
configure:16205: result: yes
configure:16223: checking for windres
configure:16253: result: no
configure:16223: checking for linux-gnu-windres
configure:16253: result: no
configure:16369: checking for pkg-config
configure:16387: found /usr/bin/pkg-config
configure:16399: result: /usr/bin/pkg-config
configure:16428: checking pkg-config is at least version 0.9.0
configure:16431: result: yes
configure:16469: checking for SDL
configure:16477: $PKG_CONFIG --exists --print-errors "sdl >= $min_sdl_version"
configure:16480: $? = 0
configure:16495: $PKG_CONFIG --exists --print-errors "sdl >= $min_sdl_version"
configure:16498: $? = 0
configure:16540: result: yes
configure:16860: checking for GUI_Create in -lGUI
configure:16895: g++ -o conftest -g -O2   conftest.cpp -lGUI   -lSDL   >&5
/usr/bin/ld: cannot find -lGUI
collect2: error: ld returned 1 exit status
configure:16901: $? = 1
configure: failed program was:
| /* confdefs.h.  */
| #define PACKAGE_NAME ""
| #define PACKAGE_TARNAME ""
| #define PACKAGE_VERSION ""
| #define PACKAGE_STRING ""
| #define PACKAGE_BUGREPORT ""
| #define STDC_HEADERS 1
| #define HAVE_SYS_TYPES_H 1
| #define HAVE_SYS_STAT_H 1
| #define HAVE_STDLIB_H 1
| #define HAVE_STRING_H 1
| #define HAVE_MEMORY_H 1
| #define HAVE_STRINGS_H 1
| #define HAVE_INTTYPES_H 1
| #define HAVE_STDINT_H 1
| #define HAVE_UNISTD_H 1
| #define HAVE_DLFCN_H 1
| #define LT_OBJDIR ".libs/"
| #define PACKAGE "SDL_net"
| #define VERSION "1.2.8"
| /* end confdefs.h.  */
| 
| /* Override any GCC internal prototype to avoid an error.
|    Use char because int might match the return type of a GCC
|    builtin and then its argument prototype would still apply.  */
| #ifdef __cplusplus
| extern "C"
| #endif
| char GUI_Create ();
| int
| main ()
| {
| return GUI_Create ();
|   ;
|   return 0;
| }
configure:16919: result: no
configure:16935: WARNING: *** Can't find the GUI library - not building test programs
The GUI library can be found at:
http://www.libsdl.org/projects/GUIlib/

configure:17130: creating ./config.status

## ---------------------- ##
## Running config.status. ##
## ---------------------- ##

This file was extended by config.status, which was
generated by GNU Autoconf 2.61.  Invocation command line was

  CONFIG_FILES    = 
  CONFIG_HEADERS  = 
  CONFIG_LINKS    = 
  CONFIG_COMMANDS = 
  $ ./config.status 

on throne

config.status:920: creating Makefile
config.status:920: creating SDL_net.spec
config.status:920: creating SDL_net.qpg
config.status:920: creating SDL_net.pc
config.status:1111: executing libtool commands
config.status:1111: executing depfiles commands

## ---------------- ##
## Cache variables. ##
## ---------------- ##

ac_cv_build=x86_64-unknown-linux-gnu
ac_cv_c_compiler_gnu=yes
ac_cv_cxx_compiler_gnu=yes
ac_cv_env_CCC_set=
ac_cv_env_CCC_value=
ac_cv_env_CC_set=
ac_cv_env_CC_value=
ac_cv_env_CFLAGS_set=
ac_cv_env_CFLAGS_value=
ac_cv_env_CPPFLAGS_set=
ac_cv_env_CPPFLAGS_value=
ac_cv_env_CPP_set=
ac_cv_env_CPP_value=
ac_cv_env_CXXCPP_set=
ac_cv_env_CXXCPP_value=
ac_cv_env_CXXFLAGS_set=
ac_cv_env_CXXFLAGS_value=
ac_cv_env_CXX_set=
ac_cv_env_CXX_value=
ac_cv_env_LDFLAGS_set=
ac_cv_env_LDFLAGS_value=
ac_cv_env_LIBS_set=
ac_cv_env_LIBS_value=
ac_cv_env_PKG_CONFIG_set=
ac_cv_env_PKG_CONFIG_value=
ac_cv_env_SDL_CFLAGS_set=
ac_cv_env_SDL_CFLAGS_value=
ac_cv_env_SDL_LIBS_set=
ac_cv_env_SDL_LIBS_value=
ac_cv_env_build_alias_set=
ac_cv_env_build_alias_value=
ac_cv_env_host_alias_set=
ac_cv_env_host_alias_value=
ac_cv_env_target_alias_set=
ac_cv_env_target_alias_value=
ac_cv_header_dlfcn_h=yes
ac_cv_header_inttypes_h=yes
ac_cv_header_memory_h=yes
ac_cv_header_stdc=yes
ac_cv_header_stdint_h=yes
ac_cv_header_stdlib_h=yes
ac_cv_header_string_h=yes
ac_cv_header_strings_h=yes
ac_cv_header_sys_stat_h=yes
ac_cv_header_sys_types_h=yes
ac_cv_header_unistd_h=yes
ac_cv_host=x86_64-unknown-linux-gnu
ac_cv_lib_GUI_GUI_Create=no
ac_cv_objext=o
ac_cv_path_EGREP='/bin/grep -E'
ac_cv_path_FGREP='/bin/grep -F'
ac_cv_path_GREP=/bin/grep
ac_cv_path_SED=/bin/sed
ac_cv_path_ac_pt_PKG_CONFIG=/usr/bin/pkg-config
ac_cv_path_install='/usr/bin/install -c'
ac_cv_path_mkdir=/bin/mkdir
ac_cv_prog_AWK=mawk
ac_cv_prog_CPP='gcc -E'
ac_cv_prog_CXXCPP='g++ -E'
ac_cv_prog_ac_ct_AR=ar
ac_cv_prog_ac_ct_CC=gcc
ac_cv_prog_ac_ct_CXX=g++
ac_cv_prog_ac_ct_OBJDUMP=objdump
ac_cv_prog_ac_ct_RANLIB=ranlib
ac_cv_prog_ac_ct_STRIP=strip
ac_cv_prog_cc_c89=
ac_cv_prog_cc_g=yes
ac_cv_prog_cxx_g=yes
ac_cv_prog_make_make_set=yes
am_cv_CC_dependencies_compiler_type=gcc3
am_cv_CXX_dependencies_compiler_type=gcc3
lt_cv_deplibs_check_method=pass_all
lt_cv_file_magic_cmd='$MAGIC_CMD'
lt_cv_file_magic_test_file=
lt_cv_ld_reload_flag=-r
lt_cv_nm_interface='BSD nm'
lt_cv_objdir=.libs
lt_cv_path_LD=/usr/bin/ld
lt_cv_path_LDCXX='/usr/bin/ld -m elf_x86_64'
lt_cv_path_NM='/usr/bin/nm -B'
lt_cv_prog_compiler_c_o=yes
lt_cv_prog_compiler_c_o_CXX=yes
lt_cv_prog_compiler_pic_works=yes
lt_cv_prog_compiler_pic_works_CXX=yes
lt_cv_prog_compiler_rtti_exceptions=no
lt_cv_prog_compiler_static_works=yes
lt_cv_prog_compiler_static_works_CXX=yes
lt_cv_prog_gnu_ld=yes
lt_cv_prog_gnu_ldcxx=yes
lt_cv_sys_global_symbol_pipe='sed -n -e '\''s/^.*[	 ]\([ABCDGIRSTW][ABCDGIRSTW]*\)[	 ][	 ]*\([_A-Za-z][_A-Za-z0-9]*\)$/\1 \2 \2/p'\'''
lt_cv_sys_global_symbol_to_c_name_address='sed -n -e '\''s/^: \([^ ]*\) $/  {\"\1\", (void *) 0},/p'\'' -e '\''s/^[ABCDGIRSTW]* \([^ ]*\) \([^ ]*\)$/  {"\2", (void *) \&\2},/p'\'''
lt_cv_sys_global_symbol_to_c_name_address_lib_prefix='sed -n -e '\''s/^: \([^ ]*\) $/  {\"\1\", (void *) 0},/p'\'' -e '\''s/^[ABCDGIRSTW]* \([^ ]*\) \(lib[^ ]*\)$/  {"\2", (void *) \&\2},/p'\'' -e '\''s/^[ABCDGIRSTW]* \([^ ]*\) \([^ ]*\)$/  {"lib\2", (void *) \&\2},/p'\'''
lt_cv_sys_global_symbol_to_cdecl='sed -n -e '\''s/^T .* \(.*\)$/extern int \1();/p'\'' -e '\''s/^[ABCDGIRSTW]* .* \(.*\)$/extern char \1;/p'\'''
lt_cv_sys_max_cmd_len=1572864
pkg_cv_SDL_CFLAGS='-D_GNU_SOURCE=1 -D_REENTRANT -I/usr/include/SDL  '
pkg_cv_SDL_LIBS='-lSDL  '

## ----------------- ##
## Output variables. ##
## ----------------- ##

ACLOCAL='${SHELL} /home/nolnoch/staticlibs/SDL_net-1.2.8/missing --run aclocal-1.10'
AMDEPBACKSLASH='\'
AMDEP_FALSE='#'
AMDEP_TRUE=''
AMTAR='${SHELL} /home/nolnoch/staticlibs/SDL_net-1.2.8/missing --run tar'
AR='ar'
AS='as'
AUTOCONF='${SHELL} /home/nolnoch/staticlibs/SDL_net-1.2.8/missing --run autoconf'
AUTOHEADER='${SHELL} /home/nolnoch/staticlibs/SDL_net-1.2.8/missing --run autoheader'
AUTOMAKE='${SHELL} /home/nolnoch/staticlibs/SDL_net-1.2.8/missing --run automake-1.10'
AWK='mawk'
BINARY_AGE='8'
CC='gcc'
CCDEPMODE='depmode=gcc3'
CFLAGS='-g -O2 -D_GNU_SOURCE=1 -D_REENTRANT -I/usr/include/SDL  '
CPP='gcc -E'
CPPFLAGS=''
CXX='g++'
CXXCPP='g++ -E'
CXXDEPMODE='depmode=gcc3'
CXXFLAGS='-g -O2 -g -O2 -D_GNU_SOURCE=1 -D_REENTRANT -I/usr/include/SDL  '
CYGPATH_W='echo'
DEFS='-DPACKAGE_NAME=\"\" -DPACKAGE_TARNAME=\"\" -DPACKAGE_VERSION=\"\" -DPACKAGE_STRING=\"\" -DPACKAGE_BUGREPORT=\"\" -DSTDC_HEADERS=1 -DHAVE_SYS_TYPES_H=1 -DHAVE_SYS_STAT_H=1 -DHAVE_STDLIB_H=1 -DHAVE_STRING_H=1 -DHAVE_MEMORY_H=1 -DHAVE_STRINGS_H=1 -DHAVE_INTTYPES_H=1 -DHAVE_STDINT_H=1 -DHAVE_UNISTD_H=1 -DHAVE_DLFCN_H=1 -DLT_OBJDIR=\".libs/\" -DPACKAGE=\"SDL_net\" -DVERSION=\"1.2.8\"'
DEPDIR='.deps'
DLLTOOL='dlltool'
DSYMUTIL=''
DUMPBIN=''
ECHO_C=''
ECHO_N='-n'
ECHO_T=''
EGREP='/bin/grep -E'
EXEEXT=''
FGREP='/bin/grep -F'
GREP='/bin/grep'
HAVE_GUI_LIB_FALSE=''
HAVE_GUI_LIB_TRUE='#'
INETLIB=''
INSTALL_DATA='${INSTALL} -m 644'
INSTALL_PROGRAM='${INSTALL}'
INSTALL_SCRIPT='${INSTALL}'
INSTALL_STRIP_PROGRAM='$(install_sh) -c -s'
INTERFACE_AGE='0'
LD='/usr/bin/ld -m elf_x86_64'
LDFLAGS=''
LIBOBJS=''
LIBS=' -lSDL  '
LIBTOOL='$(SHELL) $(top_builddir)/libtool'
LIPO=''
LN_S='ln -s'
LTLIBOBJS=''
LT_AGE='8'
LT_CURRENT='8'
LT_RELEASE='1.2'
LT_REVISION='0'
MAJOR_VERSION='1'
MAKEINFO='${SHELL} /home/nolnoch/staticlibs/SDL_net-1.2.8/missing --run makeinfo'
MICRO_VERSION='8'
MINOR_VERSION='2'
NM='/usr/bin/nm -B'
NMEDIT=''
OBJDUMP='objdump'
OBJEXT='o'
OTOOL64=''
OTOOL=''
PACKAGE='SDL_net'
PACKAGE_BUGREPORT=''
PACKAGE_NAME=''
PACKAGE_STRING=''
PACKAGE_TARNAME=''
PACKAGE_VERSION=''
PATH_SEPARATOR=':'
PKG_CONFIG='/usr/bin/pkg-config'
RANLIB='ranlib'
SDL_CFLAGS='-D_GNU_SOURCE=1 -D_REENTRANT -I/usr/include/SDL  '
SDL_CONFIG='pkg-config sdl'
SDL_LIBS='-lSDL  '
SDL_VERSION='1.2.14'
SED='/bin/sed'
SET_MAKE=''
SHELL='/bin/bash'
STRIP='strip'
USE_VERSION_RC_FALSE=''
USE_VERSION_RC_TRUE='#'
VERSION='1.2.8'
WINDRES=''
ac_ct_CC='gcc'
ac_ct_CXX='g++'
ac_ct_DUMPBIN=''
am__fastdepCC_FALSE='#'
am__fastdepCC_TRUE=''
am__fastdepCXX_FALSE='#'
am__fastdepCXX_TRUE=''
am__include='include'
am__isrc=''
am__leading_dot='.'
am__quote=''
am__tar='${AMTAR} chof - "$$tardir"'
am__untar='${AMTAR} xf -'
bindir='${exec_prefix}/bin'
build='x86_64-unknown-linux-gnu'
build_alias=''
build_cpu='x86_64'
build_os='linux-gnu'
build_vendor='unknown'
datadir='${datarootdir}'
datarootdir='${prefix}/share'
docdir='${datarootdir}/doc/${PACKAGE}'
dvidir='${docdir}'
exec_prefix='${prefix}'
host='x86_64-unknown-linux-gnu'
host_alias=''
host_cpu='x86_64'
host_os='linux-gnu'
host_vendor='unknown'
htmldir='${docdir}'
includedir='${prefix}/include'
infodir='${datarootdir}/info'
install_sh='$(SHELL) /home/nolnoch/staticlibs/SDL_net-1.2.8/install-sh'
libdir='${exec_prefix}/lib'
libexecdir='${exec_prefix}/libexec'
localedir='${datarootdir}/locale'
localstatedir='${prefix}/var'
lt_ECHO='echo'
mandir='${datarootdir}/man'
mkdir_p='/bin/mkdir -p'
oldincludedir='/usr/include'
pdfdir='${docdir}'
prefix='/usr/local'
program_transform_name='s,x,x,'
psdir='${docdir}'
sbindir='${exec_prefix}/sbin'
sharedstatedir='${prefix}/com'
sysconfdir='${prefix}/etc'
target_alias=''

## ----------- ##
## confdefs.h. ##
## ----------- ##

#define PACKAGE_NAME ""
#define PACKAGE_TARNAME ""
#define PACKAGE_VERSION ""
#define PACKAGE_STRING ""
#define PACKAGE_BUGREPORT ""
#define STDC_HEADERS 1
#define HAVE_SYS_TYPES_H 1
#define HAVE_SYS_STAT_H 1
#define HAVE_STDLIB_H 1
#define HAVE_STRING_H 1
#define HAVE_MEMORY_H 1
#define HAVE_STRINGS_H 1
#define HAVE_INTTYPES_H 1
#define HAVE_STDINT_H 1
#define HAVE_UNISTD_H 1
#define HAVE_DLFCN_H 1
#define LT_OBJDIR ".libs/"
#define PACKAGE "SDL_net"
#define VERSION "1.2.8"

configure: exit 0
